Restore Archived Project report for CPEN391_Project
Thu Jan 16 15:20:49 2020
Quartus II 64-Bit Version 15.0.2 Build 153 07/15/2015 SJ Web Edition


---------------------
; Table of Contents ;
---------------------
  1. Legal Notice
  2. Restore Archived Project Summary
  3. Restore Archived Project Messages
  4. Files Restored
  5. Files Not Restored



----------------
; Legal Notice ;
----------------
Copyright (C) 1991-2015 Altera Corporation. All rights reserved.
Your use of Altera Corporation's design tools, logic functions 
and other software and tools, and its AMPP partner logic 
functions, and any output files from any of the foregoing 
(including device programming or simulation files), and any 
associated documentation or information are expressly subject 
to the terms and conditions of the Altera Program License 
Subscription Agreement, the Altera Quartus II License Agreement,
the Altera MegaCore Function License Agreement, or other 
applicable license agreement, including, without limitation, 
that your use is for the sole purpose of programming logic 
devices manufactured by Altera and sold by Altera or its 
authorized distributors.  Please refer to the applicable 
agreement for further details.



+-------------------------------------------------------------------------+
; Restore Archived Project Summary                                        ;
+---------------------------------+---------------------------------------+
; Restore Archived Project Status ; Successful - Thu Jan 16 15:20:49 2020 ;
; Revision Name                   ; CPEN391_Project                       ;
; Top-level Entity Name           ; MyComputer_Verilog                    ;
; Family                          ; Cyclone V                             ;
+---------------------------------+---------------------------------------+


+-----------------------------------+
; Restore Archived Project Messages ;
+-----------------------------------+
Info: Successfully restored 'C:/Users/cgx19/cpen391/exercise_1.4/CPEN391_Project_tmp_archive.qar' into the 'C:/Users/cgx19/cpen391/CPEN391_2A/1.4' directory
Info: Generated report 'CPEN391_Project.restore.rpt'


+-------------------------------------------------------------------------------------------------------------------+
; Files Restored                                                                                                    ;
+-------------------------------------------------------------------------------------------------------------------+
; File Name                                                                                                         ;
+-------------------------------------------------------------------------------------------------------------------+
; qar_info.json                                                                                                     ;
; CPEN391_Computer.qsys                                                                                             ;
; CPEN391_Computer.sopcinfo                                                                                         ;
; CPEN391_Computer/CPEN391_Computer.cmp                                                                             ;
; CPEN391_Computer/synthesis/CPEN391_Computer.debuginfo                                                             ;
; CPEN391_Computer/synthesis/CPEN391_Computer.qip                                                                   ;
; CPEN391_Computer/synthesis/CPEN391_Computer.regmap                                                                ;
; CPEN391_Computer/synthesis/CPEN391_Computer.v                                                                     ;
; CPEN391_Computer/synthesis/CPEN391_Computer_ARM_A9_HPS_hps.svd                                                    ;
; CPEN391_Computer/synthesis/submodules/CPEN391_Computer_ARM_A9_HPS.v                                               ;
; CPEN391_Computer/synthesis/submodules/CPEN391_Computer_ARM_A9_HPS_fpga_interfaces.sv                              ;
; CPEN391_Computer/synthesis/submodules/CPEN391_Computer_ARM_A9_HPS_hps_io.v                                        ;
; CPEN391_Computer/synthesis/submodules/CPEN391_Computer_ARM_A9_HPS_hps_io_border.sdc                               ;
; CPEN391_Computer/synthesis/submodules/CPEN391_Computer_ARM_A9_HPS_hps_io_border.sv                                ;
; CPEN391_Computer/synthesis/submodules/CPEN391_Computer_HEX0_1.v                                                   ;
; CPEN391_Computer/synthesis/submodules/CPEN391_Computer_IO_Bridge.v                                                ;
; CPEN391_Computer/synthesis/submodules/CPEN391_Computer_Interval_Timer.v                                           ;
; CPEN391_Computer/synthesis/submodules/CPEN391_Computer_JTAG_To_FPGA_Bridge.v                                      ;
; CPEN391_Computer/synthesis/submodules/CPEN391_Computer_JTAG_To_FPGA_Bridge_b2p_adapter.sv                         ;
; CPEN391_Computer/synthesis/submodules/CPEN391_Computer_JTAG_To_FPGA_Bridge_p2b_adapter.sv                         ;
; CPEN391_Computer/synthesis/submodules/CPEN391_Computer_JTAG_To_FPGA_Bridge_timing_adt.sv                          ;
; CPEN391_Computer/synthesis/submodules/CPEN391_Computer_JTAG_UART_for_ARM_0.v                                      ;
; CPEN391_Computer/synthesis/submodules/CPEN391_Computer_LCD_0.v                                                    ;
; CPEN391_Computer/synthesis/submodules/CPEN391_Computer_LEDS.v                                                     ;
; CPEN391_Computer/synthesis/submodules/CPEN391_Computer_Onchip_SRAM.hex                                            ;
; CPEN391_Computer/synthesis/submodules/CPEN391_Computer_Onchip_SRAM.v                                              ;
; CPEN391_Computer/synthesis/submodules/CPEN391_Computer_PushButtons.v                                              ;
; CPEN391_Computer/synthesis/submodules/CPEN391_Computer_SDRAM.v                                                    ;
; CPEN391_Computer/synthesis/submodules/CPEN391_Computer_SDRAM_test_component.v                                     ;
; CPEN391_Computer/synthesis/submodules/CPEN391_Computer_Slider_Switches.v                                          ;
; CPEN391_Computer/synthesis/submodules/CPEN391_Computer_SysID.v                                                    ;
; CPEN391_Computer/synthesis/submodules/CPEN391_Computer_System_PLL.v                                               ;
; CPEN391_Computer/synthesis/submodules/CPEN391_Computer_System_PLL_sys_pll.qip                                     ;
; CPEN391_Computer/synthesis/submodules/CPEN391_Computer_System_PLL_sys_pll.v                                       ;
; CPEN391_Computer/synthesis/submodules/CPEN391_Computer_irq_mapper.sv                                              ;
; CPEN391_Computer/synthesis/submodules/CPEN391_Computer_irq_mapper_001.sv                                          ;
; CPEN391_Computer/synthesis/submodules/CPEN391_Computer_mm_interconnect_0.v                                        ;
; CPEN391_Computer/synthesis/submodules/CPEN391_Computer_mm_interconnect_0_avalon_st_adapter.v                      ;
; CPEN391_Computer/synthesis/submodules/CPEN391_Computer_mm_interconnect_0_avalon_st_adapter_001.v                  ;
; CPEN391_Computer/synthesis/submodules/CPEN391_Computer_mm_interconnect_0_avalon_st_adapter_001_error_adapter_0.sv ;
; CPEN391_Computer/synthesis/submodules/CPEN391_Computer_mm_interconnect_0_avalon_st_adapter_error_adapter_0.sv     ;
; CPEN391_Computer/synthesis/submodules/CPEN391_Computer_mm_interconnect_0_cmd_demux.sv                             ;
; CPEN391_Computer/synthesis/submodules/CPEN391_Computer_mm_interconnect_0_cmd_demux_002.sv                         ;
; CPEN391_Computer/synthesis/submodules/CPEN391_Computer_mm_interconnect_0_cmd_mux.sv                               ;
; CPEN391_Computer/synthesis/submodules/CPEN391_Computer_mm_interconnect_0_cmd_mux_001.sv                           ;
; CPEN391_Computer/synthesis/submodules/CPEN391_Computer_mm_interconnect_0_cmd_mux_013.sv                           ;
; CPEN391_Computer/synthesis/submodules/CPEN391_Computer_mm_interconnect_0_router.sv                                ;
; CPEN391_Computer/synthesis/submodules/CPEN391_Computer_mm_interconnect_0_router_002.sv                            ;
; CPEN391_Computer/synthesis/submodules/CPEN391_Computer_mm_interconnect_0_router_003.sv                            ;
; CPEN391_Computer/synthesis/submodules/CPEN391_Computer_mm_interconnect_0_router_005.sv                            ;
; CPEN391_Computer/synthesis/submodules/CPEN391_Computer_mm_interconnect_0_router_006.sv                            ;
; CPEN391_Computer/synthesis/submodules/CPEN391_Computer_mm_interconnect_0_router_007.sv                            ;
; CPEN391_Computer/synthesis/submodules/CPEN391_Computer_mm_interconnect_0_router_008.sv                            ;
; CPEN391_Computer/synthesis/submodules/CPEN391_Computer_mm_interconnect_0_router_018.sv                            ;
; CPEN391_Computer/synthesis/submodules/CPEN391_Computer_mm_interconnect_0_rsp_demux.sv                             ;
; CPEN391_Computer/synthesis/submodules/CPEN391_Computer_mm_interconnect_0_rsp_demux_001.sv                         ;
; CPEN391_Computer/synthesis/submodules/CPEN391_Computer_mm_interconnect_0_rsp_demux_013.sv                         ;
; CPEN391_Computer/synthesis/submodules/CPEN391_Computer_mm_interconnect_0_rsp_mux.sv                               ;
; CPEN391_Computer/synthesis/submodules/CPEN391_Computer_mm_interconnect_0_rsp_mux_002.sv                           ;
; CPEN391_Computer/synthesis/submodules/CPEN391_Computer_mm_interconnect_1.v                                        ;
; CPEN391_Computer/synthesis/submodules/CPEN391_Computer_mm_interconnect_1_cmd_demux.sv                             ;
; CPEN391_Computer/synthesis/submodules/CPEN391_Computer_mm_interconnect_1_cmd_mux.sv                               ;
; CPEN391_Computer/synthesis/submodules/CPEN391_Computer_mm_interconnect_1_router.sv                                ;
; CPEN391_Computer/synthesis/submodules/CPEN391_Computer_mm_interconnect_1_router_001.sv                            ;
; CPEN391_Computer/synthesis/submodules/CPEN391_Computer_mm_interconnect_1_rsp_demux.sv                             ;
; CPEN391_Computer/synthesis/submodules/CPEN391_Computer_mm_interconnect_1_rsp_mux.sv                               ;
; CPEN391_Computer/synthesis/submodules/altdq_dqs2_acv_connect_to_hard_phy_cyclonev.sv                              ;
; CPEN391_Computer/synthesis/submodules/altera_avalon_packets_to_master.v                                           ;
; CPEN391_Computer/synthesis/submodules/altera_avalon_sc_fifo.v                                                     ;
; CPEN391_Computer/synthesis/submodules/altera_avalon_st_bytes_to_packets.v                                         ;
; CPEN391_Computer/synthesis/submodules/altera_avalon_st_clock_crosser.v                                            ;
; CPEN391_Computer/synthesis/submodules/altera_avalon_st_idle_inserter.v                                            ;
; CPEN391_Computer/synthesis/submodules/altera_avalon_st_idle_remover.v                                             ;
; CPEN391_Computer/synthesis/submodules/altera_avalon_st_jtag_interface.sdc                                         ;
; CPEN391_Computer/synthesis/submodules/altera_avalon_st_jtag_interface.v                                           ;
; CPEN391_Computer/synthesis/submodules/altera_avalon_st_packets_to_bytes.v                                         ;
; CPEN391_Computer/synthesis/submodules/altera_avalon_st_pipeline_base.v                                            ;
; CPEN391_Computer/synthesis/submodules/altera_avalon_st_pipeline_stage.sv                                          ;
; CPEN391_Computer/synthesis/submodules/altera_default_burst_converter.sv                                           ;
; CPEN391_Computer/synthesis/submodules/altera_incr_burst_converter.sv                                              ;
; CPEN391_Computer/synthesis/submodules/altera_jtag_dc_streaming.v                                                  ;
; CPEN391_Computer/synthesis/submodules/altera_jtag_sld_node.v                                                      ;
; CPEN391_Computer/synthesis/submodules/altera_jtag_streaming.v                                                     ;
; CPEN391_Computer/synthesis/submodules/altera_mem_if_dll_cyclonev.sv                                               ;
; CPEN391_Computer/synthesis/submodules/altera_mem_if_hard_memory_controller_top_cyclonev.sv                        ;
; CPEN391_Computer/synthesis/submodules/altera_mem_if_hhp_qseq_synth_top.v                                          ;
; CPEN391_Computer/synthesis/submodules/altera_mem_if_oct_cyclonev.sv                                               ;
; CPEN391_Computer/synthesis/submodules/altera_merlin_address_alignment.sv                                          ;
; CPEN391_Computer/synthesis/submodules/altera_merlin_arbitrator.sv                                                 ;
; CPEN391_Computer/synthesis/submodules/altera_merlin_axi_master_ni.sv                                              ;
; CPEN391_Computer/synthesis/submodules/altera_merlin_axi_slave_ni.sv                                               ;
; CPEN391_Computer/synthesis/submodules/altera_merlin_burst_adapter.sv                                              ;
; CPEN391_Computer/synthesis/submodules/altera_merlin_burst_adapter_13_1.sv                                         ;
; CPEN391_Computer/synthesis/submodules/altera_merlin_burst_adapter_new.sv                                          ;
; CPEN391_Computer/synthesis/submodules/altera_merlin_burst_adapter_uncmpr.sv                                       ;
; CPEN391_Computer/synthesis/submodules/altera_merlin_burst_uncompressor.sv                                         ;
; CPEN391_Computer/synthesis/submodules/altera_merlin_master_agent.sv                                               ;
; CPEN391_Computer/synthesis/submodules/altera_merlin_master_translator.sv                                          ;
; CPEN391_Computer/synthesis/submodules/altera_merlin_reorder_memory.sv                                             ;
; CPEN391_Computer/synthesis/submodules/altera_merlin_slave_agent.sv                                                ;
; CPEN391_Computer/synthesis/submodules/altera_merlin_slave_translator.sv                                           ;
; CPEN391_Computer/synthesis/submodules/altera_merlin_traffic_limiter.sv                                            ;
; CPEN391_Computer/synthesis/submodules/altera_merlin_width_adapter.sv                                              ;
; CPEN391_Computer/synthesis/submodules/altera_reset_controller.sdc                                                 ;
; CPEN391_Computer/synthesis/submodules/altera_reset_controller.v                                                   ;
; CPEN391_Computer/synthesis/submodules/altera_reset_synchronizer.v                                                 ;
; CPEN391_Computer/synthesis/submodules/altera_std_synchronizer_nocut.v                                             ;
; CPEN391_Computer/synthesis/submodules/altera_up_avalon_reset_from_locked_signal.v                                 ;
; CPEN391_Computer/synthesis/submodules/altera_wrap_burst_converter.sv                                              ;
; CPEN391_Computer/synthesis/submodules/bit_flipper.v                                                               ;
; CPEN391_Computer/synthesis/submodules/hps.pre.xml                                                                 ;
; CPEN391_Computer/synthesis/submodules/hps_AC_ROM.hex                                                              ;
; CPEN391_Computer/synthesis/submodules/hps_inst_ROM.hex                                                            ;
; CPEN391_Computer/synthesis/submodules/hps_sdram.v                                                                 ;
; CPEN391_Computer/synthesis/submodules/hps_sdram_p0.ppf                                                            ;
; CPEN391_Computer/synthesis/submodules/hps_sdram_p0.sdc                                                            ;
; CPEN391_Computer/synthesis/submodules/hps_sdram_p0.sv                                                             ;
; CPEN391_Computer/synthesis/submodules/hps_sdram_p0_acv_hard_addr_cmd_pads.v                                       ;
; CPEN391_Computer/synthesis/submodules/hps_sdram_p0_acv_hard_io_pads.v                                             ;
; CPEN391_Computer/synthesis/submodules/hps_sdram_p0_acv_hard_memphy.v                                              ;
; CPEN391_Computer/synthesis/submodules/hps_sdram_p0_acv_ldc.v                                                      ;
; CPEN391_Computer/synthesis/submodules/hps_sdram_p0_altdqdqs.v                                                     ;
; CPEN391_Computer/synthesis/submodules/hps_sdram_p0_clock_pair_generator.v                                         ;
; CPEN391_Computer/synthesis/submodules/hps_sdram_p0_generic_ddio.v                                                 ;
; CPEN391_Computer/synthesis/submodules/hps_sdram_p0_iss_probe.v                                                    ;
; CPEN391_Computer/synthesis/submodules/hps_sdram_p0_parameters.tcl                                                 ;
; CPEN391_Computer/synthesis/submodules/hps_sdram_p0_phy_csr.sv                                                     ;
; CPEN391_Computer/synthesis/submodules/hps_sdram_p0_pin_assignments.tcl                                            ;
; CPEN391_Computer/synthesis/submodules/hps_sdram_p0_pin_map.tcl                                                    ;
; CPEN391_Computer/synthesis/submodules/hps_sdram_p0_report_timing.tcl                                              ;
; CPEN391_Computer/synthesis/submodules/hps_sdram_p0_report_timing_core.tcl                                         ;
; CPEN391_Computer/synthesis/submodules/hps_sdram_p0_reset.v                                                        ;
; CPEN391_Computer/synthesis/submodules/hps_sdram_p0_reset_sync.v                                                   ;
; CPEN391_Computer/synthesis/submodules/hps_sdram_p0_timing.tcl                                                     ;
; CPEN391_Computer/synthesis/submodules/hps_sdram_pll.sv                                                            ;
; CPEN391_Computer/synthesis/submodules/sequencer/alt_types.pre.h                                                   ;
; CPEN391_Computer/synthesis/submodules/sequencer/emif.pre.xml                                                      ;
; CPEN391_Computer/synthesis/submodules/sequencer/sdram_io.pre.h                                                    ;
; CPEN391_Computer/synthesis/submodules/sequencer/sequencer.pre.c                                                   ;
; CPEN391_Computer/synthesis/submodules/sequencer/sequencer.pre.h                                                   ;
; CPEN391_Computer/synthesis/submodules/sequencer/sequencer_auto.pre.h                                              ;
; CPEN391_Computer/synthesis/submodules/sequencer/sequencer_auto_ac_init.pre.c                                      ;
; CPEN391_Computer/synthesis/submodules/sequencer/sequencer_auto_inst_init.pre.c                                    ;
; CPEN391_Computer/synthesis/submodules/sequencer/sequencer_defines.pre.h                                           ;
; CPEN391_Computer/synthesis/submodules/sequencer/system.pre.h                                                      ;
; CPEN391_Computer/synthesis/submodules/sequencer/tclrpt.pre.c                                                      ;
; CPEN391_Computer/synthesis/submodules/sequencer/tclrpt.pre.h                                                      ;
; CPEN391_Project.qpf                                                                                               ;
; CPEN391_Project.qsf                                                                                               ;
; CPEN391_Project_assignment_defaults.qdf                                                                           ;
; CPEN391_SoC.sdc                                                                                                   ;
; CPEN391_Soc.sdc                                                                                                   ;
; ColourPallette_2PortRam.mif                                                                                       ;
; ColourPallette_2PortRam.vhd                                                                                       ;
; GPIO_Port_Connections.bdf                                                                                         ;
; GraphicsController_Verilog.v                                                                                      ;
; GraphicsFrameBufferMemory.bdf                                                                                     ;
; GraphicsLCD_Controller_verilog.v                                                                                  ;
; Graphics_and_Video_Controller.bdf                                                                                 ;
; HexTo7SegmentDisplay.vhd                                                                                          ;
; MyComputer_Verilog.v                                                                                              ;
; OnChipSerialIO.bdf                                                                                                ;
; RamAddressMapper_Verilog.v                                                                                        ;
; SerialIODecoder.v                                                                                                 ;
; TriStateOutput.vhd                                                                                                ;
; UART_16550_Files/UART_16550_Files/gh_fifo_async16_rcsr_wf.vhd                                                     ;
; UART_16550_Files/UART_16550_Files/gh_fifo_async16_sr.vhd                                                          ;
; UART_16550_Files/UART_16550_Files/gh_uart_16550.vhd                                                               ;
; UART_16550_Files/UART_16550_Files/gh_uart_16550_amba_apb_wrapper.vhd                                              ;
; UART_16550_Files/UART_16550_Files/gh_uart_16550_wb_wrapper.vhd                                                    ;
; UART_16550_Files/UART_16550_Files/gh_uart_Rx_8bit.vhd                                                             ;
; UART_16550_Files/UART_16550_Files/gh_uart_Tx_8bit.vhd                                                             ;
; UART_16550_Files/UART_16550_Files/gh_vhdl_lib_v3_48/Frequency_Synthesis/gh_CORDIC.VHD                             ;
; UART_16550_Files/UART_16550_Files/gh_vhdl_lib_v3_48/Frequency_Synthesis/gh_CORDIC_rotation.vhd                    ;
; UART_16550_Files/UART_16550_Files/gh_vhdl_lib_v3_48/Frequency_Synthesis/gh_CORDIC_rotation_28.vhd                 ;
; UART_16550_Files/UART_16550_Files/gh_vhdl_lib_v3_48/Frequency_Synthesis/gh_CORDIC_vectoring.vhd                   ;
; UART_16550_Files/UART_16550_Files/gh_vhdl_lib_v3_48/Frequency_Synthesis/gh_CORDIC_vectoring_28.vhd                ;
; UART_16550_Files/UART_16550_Files/gh_vhdl_lib_v3_48/Frequency_Synthesis/gh_Freq_ACC.vhd                           ;
; UART_16550_Files/UART_16550_Files/gh_vhdl_lib_v3_48/Frequency_Synthesis/gh_Freq_ACC16.vhd                         ;
; UART_16550_Files/UART_16550_Files/gh_vhdl_lib_v3_48/Frequency_Synthesis/gh_Freq_ACC2.vhd                          ;
; UART_16550_Files/UART_16550_Files/gh_vhdl_lib_v3_48/Frequency_Synthesis/gh_Freq_ACC2p.vhd                         ;
; UART_16550_Files/UART_16550_Files/gh_vhdl_lib_v3_48/Frequency_Synthesis/gh_Freq_ACC4.vhd                          ;
; UART_16550_Files/UART_16550_Files/gh_vhdl_lib_v3_48/Frequency_Synthesis/gh_Freq_ACC4p.vhd                         ;
; UART_16550_Files/UART_16550_Files/gh_vhdl_lib_v3_48/Frequency_Synthesis/gh_Freq_ACC8.vhd                          ;
; UART_16550_Files/UART_16550_Files/gh_vhdl_lib_v3_48/Frequency_Synthesis/gh_Freq_ACC8p.vhd                         ;
; UART_16550_Files/UART_16550_Files/gh_vhdl_lib_v3_48/Frequency_Synthesis/gh_Freq_ACCp.vhd                          ;
; UART_16550_Files/UART_16550_Files/gh_vhdl_lib_v3_48/Frequency_Synthesis/gh_frequency_sweep.vhd                    ;
; UART_16550_Files/UART_16550_Files/gh_vhdl_lib_v3_48/Frequency_Synthesis/gh_frequency_sweep_wpp.vhd                ;
; UART_16550_Files/UART_16550_Files/gh_vhdl_lib_v3_48/Frequency_Synthesis/gh_nco.vhd                                ;
; UART_16550_Files/UART_16550_Files/gh_vhdl_lib_v3_48/Frequency_Synthesis/gh_nco_a.vhd                              ;
; UART_16550_Files/UART_16550_Files/gh_vhdl_lib_v3_48/Frequency_Synthesis/gh_nco_lut_12p.vhd                        ;
; UART_16550_Files/UART_16550_Files/gh_vhdl_lib_v3_48/Frequency_Synthesis/gh_nco_lut_14p.vhd                        ;
; UART_16550_Files/UART_16550_Files/gh_vhdl_lib_v3_48/Frequency_Synthesis/gh_nco_lut_16p.vhd                        ;
; UART_16550_Files/UART_16550_Files/gh_vhdl_lib_v3_48/Frequency_Synthesis/gh_nco_phase.vhd                          ;
; UART_16550_Files/UART_16550_Files/gh_vhdl_lib_v3_48/Frequency_Synthesis/gh_nco_phase_a.vhd                        ;
; UART_16550_Files/UART_16550_Files/gh_vhdl_lib_v3_48/Frequency_Synthesis/gh_nsincos_28.vhd                         ;
; UART_16550_Files/UART_16550_Files/gh_vhdl_lib_v3_48/Frequency_Synthesis/gh_nsincos_rom_12.vhd                     ;
; UART_16550_Files/UART_16550_Files/gh_vhdl_lib_v3_48/Frequency_Synthesis/gh_nsincos_rom_12_4.vhd                   ;
; UART_16550_Files/UART_16550_Files/gh_vhdl_lib_v3_48/Frequency_Synthesis/gh_nsincos_rom_14_4.vhd                   ;
; UART_16550_Files/UART_16550_Files/gh_vhdl_lib_v3_48/Frequency_Synthesis/gh_nsincos_rom_16.vhd                     ;
; UART_16550_Files/UART_16550_Files/gh_vhdl_lib_v3_48/Frequency_Synthesis/gh_nsincos_rom_16_4.vhd                   ;
; UART_16550_Files/UART_16550_Files/gh_vhdl_lib_v3_48/Frequency_Synthesis/gh_r_2_polar.vhd                          ;
; UART_16550_Files/UART_16550_Files/gh_vhdl_lib_v3_48/Frequency_Synthesis/gh_r_2_polar_28.vhd                       ;
; UART_16550_Files/UART_16550_Files/gh_vhdl_lib_v3_48/Frequency_Synthesis/gh_r_2_polar_a.vhd                        ;
; UART_16550_Files/UART_16550_Files/gh_vhdl_lib_v3_48/Frequency_Synthesis/gh_sincos.vhd                             ;
; UART_16550_Files/UART_16550_Files/gh_vhdl_lib_v3_48/Frequency_Synthesis/gh_sincos_a.vhd                           ;
; UART_16550_Files/UART_16550_Files/gh_vhdl_lib_v3_48/Frequency_Synthesis/gh_sincos_rom_12.vhd                      ;
; UART_16550_Files/UART_16550_Files/gh_vhdl_lib_v3_48/Frequency_Synthesis/gh_sincos_rom_12_2.vhd                    ;
; UART_16550_Files/UART_16550_Files/gh_vhdl_lib_v3_48/Frequency_Synthesis/gh_sincos_rom_12_4.vhd                    ;
; UART_16550_Files/UART_16550_Files/gh_vhdl_lib_v3_48/Frequency_Synthesis/gh_sincos_rom_14_4.vhd                    ;
; UART_16550_Files/UART_16550_Files/gh_vhdl_lib_v3_48/Frequency_Synthesis/gh_sincos_rom_16.vhd                      ;
; UART_16550_Files/UART_16550_Files/gh_vhdl_lib_v3_48/Frequency_Synthesis/gh_sincos_rom_16_2.vhd                    ;
; UART_16550_Files/UART_16550_Files/gh_vhdl_lib_v3_48/Frequency_Synthesis/gh_sincos_rom_16_4.vhd                    ;
; UART_16550_Files/UART_16550_Files/gh_vhdl_lib_v3_48/Frequency_Synthesis/gh_sweep_generator.vhd                    ;
; UART_16550_Files/UART_16550_Files/gh_vhdl_lib_v3_48/Frequency_Synthesis/gh_sweep_generator_a.vhd                  ;
; UART_16550_Files/UART_16550_Files/gh_vhdl_lib_v3_48/VMEbus/gh_vme_cs20lw_24a.vhd                                  ;
; UART_16550_Files/UART_16550_Files/gh_vhdl_lib_v3_48/VMEbus/gh_vme_cs20lw_28a.vhd                                  ;
; UART_16550_Files/UART_16550_Files/gh_vhdl_lib_v3_48/VMEbus/gh_vme_cs20w_12a.vhd                                   ;
; UART_16550_Files/UART_16550_Files/gh_vhdl_lib_v3_48/VMEbus/gh_vme_cs20w_16a.vhd                                   ;
; UART_16550_Files/UART_16550_Files/gh_vhdl_lib_v3_48/VMEbus/gh_vme_cs20w_20a.vhd                                   ;
; UART_16550_Files/UART_16550_Files/gh_vhdl_lib_v3_48/VMEbus/gh_vme_read_10lw.vhd                                   ;
; UART_16550_Files/UART_16550_Files/gh_vhdl_lib_v3_48/VMEbus/gh_vme_read_10w.vhd                                    ;
; UART_16550_Files/UART_16550_Files/gh_vhdl_lib_v3_48/VMEbus/gh_vme_read_20lw.vhd                                   ;
; UART_16550_Files/UART_16550_Files/gh_vhdl_lib_v3_48/VMEbus/gh_vme_read_20w.vhd                                    ;
; UART_16550_Files/UART_16550_Files/gh_vhdl_lib_v3_48/VMEbus/gh_vme_read_5lw.vhd                                    ;
; UART_16550_Files/UART_16550_Files/gh_vhdl_lib_v3_48/VMEbus/gh_vme_read_5w.vhd                                     ;
; UART_16550_Files/UART_16550_Files/gh_vhdl_lib_v3_48/VMEbus/gh_vme_slave_a16_d16.vhd                               ;
; UART_16550_Files/UART_16550_Files/gh_vhdl_lib_v3_48/VMEbus/gh_vme_slave_a24_d16.vhd                               ;
; UART_16550_Files/UART_16550_Files/gh_vhdl_lib_v3_48/VMEbus/gh_vme_slave_a32.vhd                                   ;
; UART_16550_Files/UART_16550_Files/gh_vhdl_lib_v3_48/VMEbus/gh_vme_slave_a32_wi1.vhd                               ;
; UART_16550_Files/UART_16550_Files/gh_vhdl_lib_v3_48/VMEbus/gh_vme_slave_a32_wi4.vhd                               ;
; UART_16550_Files/UART_16550_Files/gh_vhdl_lib_v3_48/counters/gh_counter.vhd                                       ;
; UART_16550_Files/UART_16550_Files/gh_vhdl_lib_v3_48/counters/gh_counter_down_ce_ld.vhd                            ;
; UART_16550_Files/UART_16550_Files/gh_vhdl_lib_v3_48/counters/gh_counter_down_ce_ld_tc.vhd                         ;
; UART_16550_Files/UART_16550_Files/gh_vhdl_lib_v3_48/counters/gh_counter_down_one.vhd                              ;
; UART_16550_Files/UART_16550_Files/gh_vhdl_lib_v3_48/counters/gh_counter_fr.vhd                                    ;
; UART_16550_Files/UART_16550_Files/gh_vhdl_lib_v3_48/counters/gh_counter_integer_down.vhd                          ;
; UART_16550_Files/UART_16550_Files/gh_vhdl_lib_v3_48/counters/gh_counter_integer_up.vhd                            ;
; UART_16550_Files/UART_16550_Files/gh_vhdl_lib_v3_48/counters/gh_counter_modulo.vhd                                ;
; UART_16550_Files/UART_16550_Files/gh_vhdl_lib_v3_48/counters/gh_counter_up_ce.vhd                                 ;
; UART_16550_Files/UART_16550_Files/gh_vhdl_lib_v3_48/counters/gh_counter_up_ce_ld.vhd                              ;
; UART_16550_Files/UART_16550_Files/gh_vhdl_lib_v3_48/counters/gh_counter_up_ce_ld_tc.vhd                           ;
; UART_16550_Files/UART_16550_Files/gh_vhdl_lib_v3_48/counters/gh_counter_up_ce_tc.vhd                              ;
; UART_16550_Files/UART_16550_Files/gh_vhdl_lib_v3_48/counters/gh_counter_up_sr_ce.vhd                              ;
; UART_16550_Files/UART_16550_Files/gh_vhdl_lib_v3_48/custom_MSI/gh_4byte_control_reg_128.vhd                       ;
; UART_16550_Files/UART_16550_Files/gh_vhdl_lib_v3_48/custom_MSI/gh_4byte_control_reg_256.vhd                       ;
; UART_16550_Files/UART_16550_Files/gh_vhdl_lib_v3_48/custom_MSI/gh_4byte_control_reg_32.vhd                        ;
; UART_16550_Files/UART_16550_Files/gh_vhdl_lib_v3_48/custom_MSI/gh_4byte_control_reg_64.vhd                        ;
; UART_16550_Files/UART_16550_Files/gh_vhdl_lib_v3_48/custom_MSI/gh_4byte_gpio_32.vhd                               ;
; UART_16550_Files/UART_16550_Files/gh_vhdl_lib_v3_48/custom_MSI/gh_Burst_Generator.vhd                             ;
; UART_16550_Files/UART_16550_Files/gh_vhdl_lib_v3_48/custom_MSI/gh_PWM.vhd                                         ;
; UART_16550_Files/UART_16550_Files/gh_vhdl_lib_v3_48/custom_MSI/gh_Pulse_Generator.vhd                             ;
; UART_16550_Files/UART_16550_Files/gh_vhdl_lib_v3_48/custom_MSI/gh_baud_rate_gen.vhd                               ;
; UART_16550_Files/UART_16550_Files/gh_vhdl_lib_v3_48/custom_MSI/gh_binary2gray.vhd                                 ;
; UART_16550_Files/UART_16550_Files/gh_vhdl_lib_v3_48/custom_MSI/gh_clk_ce_div.vhd                                  ;
; UART_16550_Files/UART_16550_Files/gh_vhdl_lib_v3_48/custom_MSI/gh_clk_mirror.vhd                                  ;
; UART_16550_Files/UART_16550_Files/gh_vhdl_lib_v3_48/custom_MSI/gh_data_demux.vhd                                  ;
; UART_16550_Files/UART_16550_Files/gh_vhdl_lib_v3_48/custom_MSI/gh_data_mux.vhd                                    ;
; UART_16550_Files/UART_16550_Files/gh_vhdl_lib_v3_48/custom_MSI/gh_debounce.vhd                                    ;
; UART_16550_Files/UART_16550_Files/gh_vhdl_lib_v3_48/custom_MSI/gh_delay.vhd                                       ;
; UART_16550_Files/UART_16550_Files/gh_vhdl_lib_v3_48/custom_MSI/gh_delay_bus.vhd                                   ;
; UART_16550_Files/UART_16550_Files/gh_vhdl_lib_v3_48/custom_MSI/gh_delay_programmable_127.vhd                      ;
; UART_16550_Files/UART_16550_Files/gh_vhdl_lib_v3_48/custom_MSI/gh_delay_programmable_15.vhd                       ;
; UART_16550_Files/UART_16550_Files/gh_vhdl_lib_v3_48/custom_MSI/gh_delay_programmable_255.vhd                      ;
; UART_16550_Files/UART_16550_Files/gh_vhdl_lib_v3_48/custom_MSI/gh_delay_programmable_255_bus.vhd                  ;
; UART_16550_Files/UART_16550_Files/gh_vhdl_lib_v3_48/custom_MSI/gh_delay_programmable_31.vhd                       ;
; UART_16550_Files/UART_16550_Files/gh_vhdl_lib_v3_48/custom_MSI/gh_delay_programmable_63.vhd                       ;
; UART_16550_Files/UART_16550_Files/gh_vhdl_lib_v3_48/custom_MSI/gh_delay_programmable_bus.vhd                      ;
; UART_16550_Files/UART_16550_Files/gh_vhdl_lib_v3_48/custom_MSI/gh_edge_det.vhd                                    ;
; UART_16550_Files/UART_16550_Files/gh_vhdl_lib_v3_48/custom_MSI/gh_edge_det_XCD.vhd                                ;
; UART_16550_Files/UART_16550_Files/gh_vhdl_lib_v3_48/custom_MSI/gh_gray2binary.vhd                                 ;
; UART_16550_Files/UART_16550_Files/gh_vhdl_lib_v3_48/custom_MSI/gh_parity_gen_Serial.vhd                           ;
; UART_16550_Files/UART_16550_Files/gh_vhdl_lib_v3_48/custom_MSI/gh_pw_wTOA.vhd                                     ;
; UART_16550_Files/UART_16550_Files/gh_vhdl_lib_v3_48/custom_MSI/gh_register_control_ce.vhd                         ;
; UART_16550_Files/UART_16550_Files/gh_vhdl_lib_v3_48/custom_MSI/gh_stretch.vhd                                     ;
; UART_16550_Files/UART_16550_Files/gh_vhdl_lib_v3_48/custom_MSI/gh_stretch_low.vhd                                 ;
; UART_16550_Files/UART_16550_Files/gh_vhdl_lib_v3_48/custom_MSI/gh_stretch_programmable.vhd                        ;
; UART_16550_Files/UART_16550_Files/gh_vhdl_lib_v3_48/custom_MSI/gh_stretch_programmable_low.vhd                    ;
; UART_16550_Files/UART_16550_Files/gh_vhdl_lib_v3_48/custom_MSI/gh_wdt.vhd                                         ;
; UART_16550_Files/UART_16550_Files/gh_vhdl_lib_v3_48/custom_MSI/gh_wdt_programmable.vhd                            ;
; UART_16550_Files/UART_16550_Files/gh_vhdl_lib_v3_48/filters/gh_CIC_decimation_m1.vhd                              ;
; UART_16550_Files/UART_16550_Files/gh_vhdl_lib_v3_48/filters/gh_CIC_decimation_m2.vhd                              ;
; UART_16550_Files/UART_16550_Files/gh_vhdl_lib_v3_48/filters/gh_CIC_filter.vhd                                     ;
; UART_16550_Files/UART_16550_Files/gh_vhdl_lib_v3_48/filters/gh_CIC_interpolation.vhd                              ;
; UART_16550_Files/UART_16550_Files/gh_vhdl_lib_v3_48/filters/gh_CIC_interpolation_m1.vhd                           ;
; UART_16550_Files/UART_16550_Files/gh_vhdl_lib_v3_48/filters/gh_CIC_interpolation_m2.vhd                           ;
; UART_16550_Files/UART_16550_Files/gh_vhdl_lib_v3_48/filters/gh_FIR_coef_prom.vhd                                  ;
; UART_16550_Files/UART_16550_Files/gh_vhdl_lib_v3_48/filters/gh_FIR_filter.vhd                                     ;
; UART_16550_Files/UART_16550_Files/gh_vhdl_lib_v3_48/filters/gh_FIR_filter_fg.vhd                                  ;
; UART_16550_Files/UART_16550_Files/gh_vhdl_lib_v3_48/filters/gh_FIR_pcoef_prom.vhd                                 ;
; UART_16550_Files/UART_16550_Files/gh_vhdl_lib_v3_48/filters/gh_TVFD_filter.vhd                                    ;
; UART_16550_Files/UART_16550_Files/gh_vhdl_lib_v3_48/filters/gh_TVFD_filter_w.vhd                                  ;
; UART_16550_Files/UART_16550_Files/gh_vhdl_lib_v3_48/filters/gh_filter_AB_interpolation.vhd                        ;
; UART_16550_Files/UART_16550_Files/gh_vhdl_lib_v3_48/filters/gh_filter_compensation_2dB.vhd                        ;
; UART_16550_Files/UART_16550_Files/gh_vhdl_lib_v3_48/filters/gh_filter_compensation_4dB.vhd                        ;
; UART_16550_Files/UART_16550_Files/gh_vhdl_lib_v3_48/filters/gh_filter_compensation_6dB.vhd                        ;
; UART_16550_Files/UART_16550_Files/gh_vhdl_lib_v3_48/filters/gh_fir_pfilter.vhd                                    ;
; UART_16550_Files/UART_16550_Files/gh_vhdl_lib_v3_48/filters/gh_fir_pfilter_ns.vhd                                 ;
; UART_16550_Files/UART_16550_Files/gh_vhdl_lib_v3_48/filters/gh_fir_pfilter_nsc.vhd                                ;
; UART_16550_Files/UART_16550_Files/gh_vhdl_lib_v3_48/filters/gh_fir_pfilter_ot.vhd                                 ;
; UART_16550_Files/UART_16550_Files/gh_vhdl_lib_v3_48/filters/gh_fir_pfilter_ot_ns.vhd                              ;
; UART_16550_Files/UART_16550_Files/gh_vhdl_lib_v3_48/filters/gh_tvfd_coef_prom.vhd                                 ;
; UART_16550_Files/UART_16550_Files/gh_vhdl_lib_v3_48/math/gh_ACC.vhd                                               ;
; UART_16550_Files/UART_16550_Files/gh_vhdl_lib_v3_48/math/gh_ACC_ld.vhd                                            ;
; UART_16550_Files/UART_16550_Files/gh_vhdl_lib_v3_48/math/gh_MAC_16bit.vhd                                         ;
; UART_16550_Files/UART_16550_Files/gh_vhdl_lib_v3_48/math/gh_MAC_16bit_ld.vhd                                      ;
; UART_16550_Files/UART_16550_Files/gh_vhdl_lib_v3_48/math/gh_MAC_ld.vhd                                            ;
; UART_16550_Files/UART_16550_Files/gh_vhdl_lib_v3_48/math/gh_atten_rom_10.vhd                                      ;
; UART_16550_Files/UART_16550_Files/gh_vhdl_lib_v3_48/math/gh_attenuation_10.vhd                                    ;
; UART_16550_Files/UART_16550_Files/gh_vhdl_lib_v3_48/math/gh_casr_37.vhd                                           ;
; UART_16550_Files/UART_16550_Files/gh_vhdl_lib_v3_48/math/gh_complex_add.vhd                                       ;
; UART_16550_Files/UART_16550_Files/gh_vhdl_lib_v3_48/math/gh_complex_mult.vhd                                      ;
; UART_16550_Files/UART_16550_Files/gh_vhdl_lib_v3_48/math/gh_complex_mult_2cm.vhd                                  ;
; UART_16550_Files/UART_16550_Files/gh_vhdl_lib_v3_48/math/gh_complex_mult_2cm_3m.vhd                               ;
; UART_16550_Files/UART_16550_Files/gh_vhdl_lib_v3_48/math/gh_complex_mult_2cm_3m_xrsp.vhd                          ;
; UART_16550_Files/UART_16550_Files/gh_vhdl_lib_v3_48/math/gh_complex_mult_2cm_xrsp.vhd                             ;
; UART_16550_Files/UART_16550_Files/gh_vhdl_lib_v3_48/math/gh_complex_mult_3m.vhd                                   ;
; UART_16550_Files/UART_16550_Files/gh_vhdl_lib_v3_48/math/gh_complex_scaling_mult.vhd                              ;
; UART_16550_Files/UART_16550_Files/gh_vhdl_lib_v3_48/math/gh_complex_scaling_mult_2cm.vhd                          ;
; UART_16550_Files/UART_16550_Files/gh_vhdl_lib_v3_48/math/gh_complex_ssb_mult.vhd                                  ;
; UART_16550_Files/UART_16550_Files/gh_vhdl_lib_v3_48/math/gh_complex_ssb_mult_2cm.vhd                              ;
; UART_16550_Files/UART_16550_Files/gh_vhdl_lib_v3_48/math/gh_complex_ssb_mult_2cm_xrsp.vhd                         ;
; UART_16550_Files/UART_16550_Files/gh_vhdl_lib_v3_48/math/gh_lfsr_24.vhd                                           ;
; UART_16550_Files/UART_16550_Files/gh_vhdl_lib_v3_48/math/gh_lfsr_36.vhd                                           ;
; UART_16550_Files/UART_16550_Files/gh_vhdl_lib_v3_48/math/gh_lfsr_48.vhd                                           ;
; UART_16550_Files/UART_16550_Files/gh_vhdl_lib_v3_48/math/gh_lfsr_64.vhd                                           ;
; UART_16550_Files/UART_16550_Files/gh_vhdl_lib_v3_48/math/gh_lfsr_PROG_16.vhd                                      ;
; UART_16550_Files/UART_16550_Files/gh_vhdl_lib_v3_48/math/gh_lfsr_PROG_32.vhd                                      ;
; UART_16550_Files/UART_16550_Files/gh_vhdl_lib_v3_48/math/gh_lfsr_gfb4.vhd                                         ;
; UART_16550_Files/UART_16550_Files/gh_vhdl_lib_v3_48/math/gh_lfsr_gfb4_ld.vhd                                      ;
; UART_16550_Files/UART_16550_Files/gh_vhdl_lib_v3_48/math/gh_mult_g16.vhd                                          ;
; UART_16550_Files/UART_16550_Files/gh_vhdl_lib_v3_48/math/gh_mult_g18.vhd                                          ;
; UART_16550_Files/UART_16550_Files/gh_vhdl_lib_v3_48/math/gh_mult_g18_sc.vhd                                       ;
; UART_16550_Files/UART_16550_Files/gh_vhdl_lib_v3_48/math/gh_mult_gs.vhd                                           ;
; UART_16550_Files/UART_16550_Files/gh_vhdl_lib_v3_48/math/gh_mult_gus.vhd                                          ;
; UART_16550_Files/UART_16550_Files/gh_vhdl_lib_v3_48/math/gh_mult_ip_ss.vhd                                        ;
; UART_16550_Files/UART_16550_Files/gh_vhdl_lib_v3_48/math/gh_mult_ip_sus.vhd                                       ;
; UART_16550_Files/UART_16550_Files/gh_vhdl_lib_v3_48/math/gh_mult_ip_sus_ab.vhd                                    ;
; UART_16550_Files/UART_16550_Files/gh_vhdl_lib_v3_48/math/gh_mult_ip_usus.vhd                                      ;
; UART_16550_Files/UART_16550_Files/gh_vhdl_lib_v3_48/math/gh_mult_ip_usus_ab.vhd                                   ;
; UART_16550_Files/UART_16550_Files/gh_vhdl_lib_v3_48/math/gh_mult_ip_usus_mg.vhd                                   ;
; UART_16550_Files/UART_16550_Files/gh_vhdl_lib_v3_48/math/gh_ran_scale.vhd                                         ;
; UART_16550_Files/UART_16550_Files/gh_vhdl_lib_v3_48/math/gh_ran_scale_par.vhd                                     ;
; UART_16550_Files/UART_16550_Files/gh_vhdl_lib_v3_48/math/gh_random_number.vhd                                     ;
; UART_16550_Files/UART_16550_Files/gh_vhdl_lib_v3_48/math/gh_scaling_mult.vhd                                      ;
; UART_16550_Files/UART_16550_Files/gh_vhdl_lib_v3_48/math/rz_DivArrUns.vhd                                         ;
; UART_16550_Files/UART_16550_Files/gh_vhdl_lib_v3_48/memory/gh_4byte_dpram_x16_be.vhd                              ;
; UART_16550_Files/UART_16550_Files/gh_vhdl_lib_v3_48/memory/gh_4byte_dpram_x16_le.vhd                              ;
; UART_16550_Files/UART_16550_Files/gh_vhdl_lib_v3_48/memory/gh_4byte_dpram_x32.vhd                                 ;
; UART_16550_Files/UART_16550_Files/gh_vhdl_lib_v3_48/memory/gh_4byte_dpram_x8_be.vhd                               ;
; UART_16550_Files/UART_16550_Files/gh_vhdl_lib_v3_48/memory/gh_4byte_dpram_x8_le.vhd                               ;
; UART_16550_Files/UART_16550_Files/gh_vhdl_lib_v3_48/memory/gh_fasm.vhd                                            ;
; UART_16550_Files/UART_16550_Files/gh_vhdl_lib_v3_48/memory/gh_fasm_1wp_2rp.vhd                                    ;
; UART_16550_Files/UART_16550_Files/gh_vhdl_lib_v3_48/memory/gh_fasm_1wp_2rp_r.vhd                                  ;
; UART_16550_Files/UART_16550_Files/gh_vhdl_lib_v3_48/memory/gh_fifo_async_rrd_sr.vhd                               ;
; UART_16550_Files/UART_16550_Files/gh_vhdl_lib_v3_48/memory/gh_fifo_async_rrd_sr_wf.vhd                            ;
; UART_16550_Files/UART_16550_Files/gh_vhdl_lib_v3_48/memory/gh_fifo_async_sr.vhd                                   ;
; UART_16550_Files/UART_16550_Files/gh_vhdl_lib_v3_48/memory/gh_fifo_async_sr_wf.vhd                                ;
; UART_16550_Files/UART_16550_Files/gh_vhdl_lib_v3_48/memory/gh_fifo_async_usrf.vhd                                 ;
; UART_16550_Files/UART_16550_Files/gh_vhdl_lib_v3_48/memory/gh_fifo_async_uswf.vhd                                 ;
; UART_16550_Files/UART_16550_Files/gh_vhdl_lib_v3_48/memory/gh_fifo_sync_rrd_sr.vhd                                ;
; UART_16550_Files/UART_16550_Files/gh_vhdl_lib_v3_48/memory/gh_fifo_sync_sr.vhd                                    ;
; UART_16550_Files/UART_16550_Files/gh_vhdl_lib_v3_48/memory/gh_sram.vhd                                            ;
; UART_16550_Files/UART_16550_Files/gh_vhdl_lib_v3_48/memory/gh_sram_1wp_2rp.vhd                                    ;
; UART_16550_Files/UART_16550_Files/gh_vhdl_lib_v3_48/memory/gh_sram_1wp_2rp_sc.vhd                                 ;
; UART_16550_Files/UART_16550_Files/gh_vhdl_lib_v3_48/registers_gates/gh_4byte_reg_1024.vhd                         ;
; UART_16550_Files/UART_16550_Files/gh_vhdl_lib_v3_48/registers_gates/gh_4byte_reg_128.vhd                          ;
; UART_16550_Files/UART_16550_Files/gh_vhdl_lib_v3_48/registers_gates/gh_4byte_reg_1536.vhd                         ;
; UART_16550_Files/UART_16550_Files/gh_vhdl_lib_v3_48/registers_gates/gh_4byte_reg_2048.vhd                         ;
; UART_16550_Files/UART_16550_Files/gh_vhdl_lib_v3_48/registers_gates/gh_4byte_reg_256.vhd                          ;
; UART_16550_Files/UART_16550_Files/gh_vhdl_lib_v3_48/registers_gates/gh_4byte_reg_3072.vhd                         ;
; UART_16550_Files/UART_16550_Files/gh_vhdl_lib_v3_48/registers_gates/gh_4byte_reg_32.vhd                           ;
; UART_16550_Files/UART_16550_Files/gh_vhdl_lib_v3_48/registers_gates/gh_4byte_reg_4096.vhd                         ;
; UART_16550_Files/UART_16550_Files/gh_vhdl_lib_v3_48/registers_gates/gh_4byte_reg_512.vhd                          ;
; UART_16550_Files/UART_16550_Files/gh_vhdl_lib_v3_48/registers_gates/gh_4byte_reg_64.vhd                           ;
; UART_16550_Files/UART_16550_Files/gh_vhdl_lib_v3_48/registers_gates/gh_4byte_reg_768.vhd                          ;
; UART_16550_Files/UART_16550_Files/gh_vhdl_lib_v3_48/registers_gates/gh_DECODE_2to4.vhd                            ;
; UART_16550_Files/UART_16550_Files/gh_vhdl_lib_v3_48/registers_gates/gh_DECODE_3to8.vhd                            ;
; UART_16550_Files/UART_16550_Files/gh_vhdl_lib_v3_48/registers_gates/gh_DECODE_4to16.vhd                           ;
; UART_16550_Files/UART_16550_Files/gh_vhdl_lib_v3_48/registers_gates/gh_DFF.VHD                                    ;
; UART_16550_Files/UART_16550_Files/gh_vhdl_lib_v3_48/registers_gates/gh_MUX_16to1_bus.vhd                          ;
; UART_16550_Files/UART_16550_Files/gh_vhdl_lib_v3_48/registers_gates/gh_MUX_2to1.vhd                               ;
; UART_16550_Files/UART_16550_Files/gh_vhdl_lib_v3_48/registers_gates/gh_MUX_2to1_bus.vhd                           ;
; UART_16550_Files/UART_16550_Files/gh_vhdl_lib_v3_48/registers_gates/gh_MUX_4to1.vhd                               ;
; UART_16550_Files/UART_16550_Files/gh_vhdl_lib_v3_48/registers_gates/gh_MUX_4to1_bus.vhd                           ;
; UART_16550_Files/UART_16550_Files/gh_vhdl_lib_v3_48/registers_gates/gh_MUX_8to1_bus.vhd                           ;
; UART_16550_Files/UART_16550_Files/gh_vhdl_lib_v3_48/registers_gates/gh_compare.vhd                                ;
; UART_16550_Files/UART_16550_Files/gh_vhdl_lib_v3_48/registers_gates/gh_compare_ABS.vhd                            ;
; UART_16550_Files/UART_16550_Files/gh_vhdl_lib_v3_48/registers_gates/gh_compare_ABS_reg.vhd                        ;
; UART_16550_Files/UART_16550_Files/gh_vhdl_lib_v3_48/registers_gates/gh_compare_BMM.vhd                            ;
; UART_16550_Files/UART_16550_Files/gh_vhdl_lib_v3_48/registers_gates/gh_compare_BMM_s.vhd                          ;
; UART_16550_Files/UART_16550_Files/gh_vhdl_lib_v3_48/registers_gates/gh_jkff.vhd                                   ;
; UART_16550_Files/UART_16550_Files/gh_vhdl_lib_v3_48/registers_gates/gh_latch.vhd                                  ;
; UART_16550_Files/UART_16550_Files/gh_vhdl_lib_v3_48/registers_gates/gh_register.vhd                               ;
; UART_16550_Files/UART_16550_Files/gh_vhdl_lib_v3_48/registers_gates/gh_register_ce.vhd                            ;
; UART_16550_Files/UART_16550_Files/gh_vhdl_lib_v3_48/registers_gates/gh_shift_reg.vhd                              ;
; UART_16550_Files/UART_16550_Files/gh_vhdl_lib_v3_48/registers_gates/gh_shift_reg_PL.vhd                           ;
; UART_16550_Files/UART_16550_Files/gh_vhdl_lib_v3_48/registers_gates/gh_shift_reg_PL_SLR.vhd                       ;
; UART_16550_Files/UART_16550_Files/gh_vhdl_lib_v3_48/registers_gates/gh_shift_reg_PL_sl.vhd                        ;
; UART_16550_Files/UART_16550_Files/gh_vhdl_lib_v3_48/registers_gates/gh_shift_reg_se_sl.vhd                        ;
; UART_16550_Files/UART_16550_Files/gh_vhdl_lib_v3_48/registers_gates/gh_shift_reg_sr.vhd                           ;
; UART_16550_Files/UART_16550_Files/gh_vhdl_lib_v3_48/registers_gates/gh_xor_bus.vhd                                ;
; VGADataMux_Verilog.v                                                                                              ;
; VGA_CLOCK_GEN.cmp                                                                                                 ;
; VGA_CLOCK_GEN.qip                                                                                                 ;
; VGA_CLOCK_GEN.sip                                                                                                 ;
; VGA_CLOCK_GEN.spd                                                                                                 ;
; VGA_CLOCK_GEN.vhd                                                                                                 ;
; VGA_CLOCK_GEN/VGA_CLOCK_GEN_0002.qip                                                                              ;
; VGA_CLOCK_GEN/VGA_CLOCK_GEN_0002.v                                                                                ;
; VGA_CLOCK_GEN_sim/VGA_CLOCK_GEN.vho                                                                               ;
; VideoRamFrameBuffer.vhd                                                                                           ;
; bit_flipper_hw.tcl                                                                                                ;
+-------------------------------------------------------------------------------------------------------------------+


+--------------------+
; Files Not Restored ;
+--------------------+
; File Name          ;
+--------------------+


